{
  "stats": {
    "suites": 0,
    "tests": 4,
    "passes": 4,
    "pending": 0,
    "failures": 0,
    "start": "2023-10-21T08:47:04.460Z",
    "end": "2023-10-21T08:47:09.643Z",
    "duration": 5183,
    "testsRegistered": 4,
    "passPercent": 100,
    "pendingPercent": 0,
    "other": 0,
    "hasOther": false,
    "skipped": 0,
    "hasSkipped": false
  },
  "results": [
    {
      "uuid": "ad9e3824-4155-4119-954d-4a31a0b9749c",
      "title": "",
      "fullFile": "cypress\\e2e\\login.cy.ts",
      "file": "cypress\\e2e\\login.cy.ts",
      "beforeHooks": [],
      "afterHooks": [],
      "tests": [
        {
          "title": "Test LOGIN",
          "fullTitle": "Test LOGIN",
          "timedOut": null,
          "duration": 967,
          "state": "passed",
          "speed": "fast",
          "pass": true,
          "fail": false,
          "pending": false,
          "context": null,
          "code": "loginPage.login(URL, 'standard_user', 'secret_sauce');\nloginPage.assertLogin();",
          "err": {},
          "uuid": "3081e31b-b97f-4db9-a9cb-6294a2059a88",
          "parentUUID": "ad9e3824-4155-4119-954d-4a31a0b9749c",
          "isHook": false,
          "skipped": false
        },
        {
          "title": "Test Sauce Demo Invalid Password",
          "fullTitle": "Test Sauce Demo Invalid Password",
          "timedOut": null,
          "duration": 875,
          "state": "passed",
          "speed": "fast",
          "pass": true,
          "fail": false,
          "pending": false,
          "context": null,
          "code": "loginPage.login(URL, 'standard_user', 'invalidPass');\nloginPage.assertLoginFail();",
          "err": {},
          "uuid": "db859547-8f73-41ad-b297-5a0795889699",
          "parentUUID": "ad9e3824-4155-4119-954d-4a31a0b9749c",
          "isHook": false,
          "skipped": false
        },
        {
          "title": "Test Sauce Demo Sauce labs product backpack",
          "fullTitle": "Test Sauce Demo Sauce labs product backpack",
          "timedOut": null,
          "duration": 1436,
          "state": "passed",
          "speed": "fast",
          "pass": true,
          "fail": false,
          "pending": false,
          "context": null,
          "code": "loginPage.login(URL, 'standard_user', 'secret_sauce');\nloginPage.assertLogin();\ndashboardPage.sauceLabsBackpack();",
          "err": {},
          "uuid": "8ac8f7fc-36c5-406b-9b89-c1dee6911e64",
          "parentUUID": "ad9e3824-4155-4119-954d-4a31a0b9749c",
          "isHook": false,
          "skipped": false
        },
        {
          "title": "Test Sauce Demo Sauce labs add item",
          "fullTitle": "Test Sauce Demo Sauce labs add item",
          "timedOut": null,
          "duration": 835,
          "state": "passed",
          "speed": "fast",
          "pass": true,
          "fail": false,
          "pending": false,
          "context": null,
          "code": "loginPage.login(URL, 'standard_user', 'secret_sauce');\nloginPage.assertLogin();\ndashboardPage.addItemToCart();\ndashboardPage.assertItemCart();",
          "err": {},
          "uuid": "ee44c6a2-97c9-41f5-83e3-daa0884b4778",
          "parentUUID": "ad9e3824-4155-4119-954d-4a31a0b9749c",
          "isHook": false,
          "skipped": false
        }
      ],
      "suites": [],
      "passes": [
        "3081e31b-b97f-4db9-a9cb-6294a2059a88",
        "db859547-8f73-41ad-b297-5a0795889699",
        "8ac8f7fc-36c5-406b-9b89-c1dee6911e64",
        "ee44c6a2-97c9-41f5-83e3-daa0884b4778"
      ],
      "failures": [],
      "pending": [],
      "skipped": [],
      "duration": 4113,
      "root": true,
      "rootEmpty": false,
      "_timeout": 2000
    }
  ],
  "meta": {
    "mocha": {
      "version": "7.0.1"
    },
    "mochawesome": {
      "options": {
        "quiet": false,
        "reportFilename": "mochawesome",
        "saveHtml": false,
        "saveJson": true,
        "consoleReporter": "spec",
        "useInlineDiffs": false,
        "code": true
      },
      "version": "7.1.3"
    },
    "marge": {
      "options": {
        "chart": true,
        "overwrite": false,
        "html": false,
        "json": true,
        "reportDir": "cypress/reports"
      },
      "version": "6.2.0"
    }
  }
}