{
  "stats": {
    "suites": 0,
    "tests": 4,
    "passes": 4,
    "pending": 0,
    "failures": 0,
    "start": "2023-10-21T08:08:06.174Z",
    "end": "2023-10-21T08:08:10.816Z",
    "duration": 4642,
    "testsRegistered": 4,
    "passPercent": 100,
    "pendingPercent": 0,
    "other": 0,
    "hasOther": false,
    "skipped": 0,
    "hasSkipped": false
  },
  "results": [
    {
      "uuid": "5f4d977f-efda-47a0-86bd-f9a1ac15cd7b",
      "title": "",
      "fullFile": "cypress\\e2e\\login.cy.ts",
      "file": "cypress\\e2e\\login.cy.ts",
      "beforeHooks": [],
      "afterHooks": [],
      "tests": [
        {
          "title": "Test LOGIN",
          "fullTitle": "Test LOGIN",
          "timedOut": null,
          "duration": 1009,
          "state": "passed",
          "speed": "fast",
          "pass": true,
          "fail": false,
          "pending": false,
          "context": null,
          "code": "loginPage.login(URL, 'standard_user', 'secret_sauce');\nloginPage.assertLogin();",
          "err": {},
          "uuid": "f471c7ab-3a87-4a46-ae07-c5bb59e3e32b",
          "parentUUID": "5f4d977f-efda-47a0-86bd-f9a1ac15cd7b",
          "isHook": false,
          "skipped": false
        },
        {
          "title": "Test Sauce Demo Invalid Password",
          "fullTitle": "Test Sauce Demo Invalid Password",
          "timedOut": null,
          "duration": 831,
          "state": "passed",
          "speed": "fast",
          "pass": true,
          "fail": false,
          "pending": false,
          "context": null,
          "code": "loginPage.login(URL, 'standard_user', 'invalidPass');\nloginPage.assertLoginFail();",
          "err": {},
          "uuid": "5155390b-f8fd-4fa5-8179-5ca90ae90d5b",
          "parentUUID": "5f4d977f-efda-47a0-86bd-f9a1ac15cd7b",
          "isHook": false,
          "skipped": false
        },
        {
          "title": "Test Sauce Demo Sauce labs product backpack",
          "fullTitle": "Test Sauce Demo Sauce labs product backpack",
          "timedOut": null,
          "duration": 878,
          "state": "passed",
          "speed": "fast",
          "pass": true,
          "fail": false,
          "pending": false,
          "context": null,
          "code": "loginPage.login(URL, 'standard_user', 'secret_sauce');\nloginPage.assertLogin();\ndashboardPage.sauceLabsBackpack();",
          "err": {},
          "uuid": "f033ab4c-3840-448d-b4ce-78852afa5a75",
          "parentUUID": "5f4d977f-efda-47a0-86bd-f9a1ac15cd7b",
          "isHook": false,
          "skipped": false
        },
        {
          "title": "Test Sauce Demo Sauce labs add item",
          "fullTitle": "Test Sauce Demo Sauce labs add item",
          "timedOut": null,
          "duration": 838,
          "state": "passed",
          "speed": "fast",
          "pass": true,
          "fail": false,
          "pending": false,
          "context": null,
          "code": "loginPage.login(URL, 'standard_user', 'secret_sauce');\nloginPage.assertLogin();\ndashboardPage.addItemToCart();\ndashboardPage.assertItemCart();",
          "err": {},
          "uuid": "60b36e16-c337-47ae-8a14-5a9ad04b15b6",
          "parentUUID": "5f4d977f-efda-47a0-86bd-f9a1ac15cd7b",
          "isHook": false,
          "skipped": false
        }
      ],
      "suites": [],
      "passes": [
        "f471c7ab-3a87-4a46-ae07-c5bb59e3e32b",
        "5155390b-f8fd-4fa5-8179-5ca90ae90d5b",
        "f033ab4c-3840-448d-b4ce-78852afa5a75",
        "60b36e16-c337-47ae-8a14-5a9ad04b15b6"
      ],
      "failures": [],
      "pending": [],
      "skipped": [],
      "duration": 3556,
      "root": true,
      "rootEmpty": false,
      "_timeout": 2000
    }
  ],
  "meta": {
    "mocha": {
      "version": "7.0.1"
    },
    "mochawesome": {
      "options": {
        "quiet": false,
        "reportFilename": "mochawesome",
        "saveHtml": false,
        "saveJson": true,
        "consoleReporter": "spec",
        "useInlineDiffs": false,
        "code": true
      },
      "version": "7.1.3"
    },
    "marge": {
      "options": {
        "chart": true,
        "overwrite": false,
        "html": false,
        "json": true,
        "reportDir": "cypress/reports"
      },
      "version": "6.2.0"
    }
  }
}