{
  "stats": {
    "suites": 0,
    "tests": 1,
    "passes": 1,
    "pending": 0,
    "failures": 0,
    "start": "2023-10-21T08:46:59.920Z",
    "end": "2023-10-21T08:47:03.348Z",
    "duration": 3428,
    "testsRegistered": 1,
    "passPercent": 100,
    "pendingPercent": 0,
    "other": 0,
    "hasOther": false,
    "skipped": 0,
    "hasSkipped": false
  },
  "results": [
    {
      "uuid": "f0c96af8-73a6-43eb-9bc4-886fc9579a9c",
      "title": "",
      "fullFile": "cypress\\e2e\\dashboard.cy.ts",
      "file": "cypress\\e2e\\dashboard.cy.ts",
      "beforeHooks": [],
      "afterHooks": [],
      "tests": [
        {
          "title": "Test Sauce Demo Sauce labs add item",
          "fullTitle": "Test Sauce Demo Sauce labs add item",
          "timedOut": null,
          "duration": 2018,
          "state": "passed",
          "speed": "fast",
          "pass": true,
          "fail": false,
          "pending": false,
          "context": null,
          "code": "loginPage.login(URL, 'standard_user', 'secret_sauce');\nloginPage.assertLogin();\ndashboardPage.addItemToCart();\ndashboardPage.assertItemCart();\ndashboardPage.removeItemCart();\ndashboardPage.assertRemoveItem();",
          "err": {},
          "uuid": "40e00db7-8d9c-4438-824e-4837f9a6d71c",
          "parentUUID": "f0c96af8-73a6-43eb-9bc4-886fc9579a9c",
          "isHook": false,
          "skipped": false
        }
      ],
      "suites": [],
      "passes": [
        "40e00db7-8d9c-4438-824e-4837f9a6d71c"
      ],
      "failures": [],
      "pending": [],
      "skipped": [],
      "duration": 2018,
      "root": true,
      "rootEmpty": false,
      "_timeout": 2000
    }
  ],
  "meta": {
    "mocha": {
      "version": "7.0.1"
    },
    "mochawesome": {
      "options": {
        "quiet": false,
        "reportFilename": "mochawesome",
        "saveHtml": false,
        "saveJson": true,
        "consoleReporter": "spec",
        "useInlineDiffs": false,
        "code": true
      },
      "version": "7.1.3"
    },
    "marge": {
      "options": {
        "chart": true,
        "overwrite": false,
        "html": false,
        "json": true,
        "reportDir": "cypress/reports"
      },
      "version": "6.2.0"
    }
  }
}